<?xml version="1.0" encoding="UTF-8"?>
<testsuite name="com.bitproject.BitprojectApplicationTests" tests="1" skipped="0" failures="0" errors="0" timestamp="2021-11-07T16:57:45" hostname="DESKTOP-UCOH7CE" time="0.2">
  <properties/>
  <testcase name="contextLoads()" classname="com.bitproject.BitprojectApplicationTests" time="0.2"/>
  <system-out><![CDATA[22:27:32.802 [Test worker] DEBUG org.springframework.test.context.BootstrapUtils - Instantiating CacheAwareContextLoaderDelegate from class [org.springframework.test.context.cache.DefaultCacheAwareContextLoaderDelegate]
22:27:32.818 [Test worker] DEBUG org.springframework.test.context.BootstrapUtils - Instantiating BootstrapContext using constructor [public org.springframework.test.context.support.DefaultBootstrapContext(java.lang.Class,org.springframework.test.context.CacheAwareContextLoaderDelegate)]
22:27:32.865 [Test worker] DEBUG org.springframework.test.context.BootstrapUtils - Instantiating TestContextBootstrapper for test class [com.bitproject.BitprojectApplicationTests] from class [org.springframework.boot.test.context.SpringBootTestContextBootstrapper]
22:27:32.880 [Test worker] INFO org.springframework.boot.test.context.SpringBootTestContextBootstrapper - Neither @ContextConfiguration nor @ContextHierarchy found for test class [com.bitproject.BitprojectApplicationTests], using SpringBootContextLoader
22:27:32.896 [Test worker] DEBUG org.springframework.test.context.support.AbstractContextLoader - Did not detect default resource location for test class [com.bitproject.BitprojectApplicationTests]: class path resource [com/bitproject/BitprojectApplicationTests-context.xml] does not exist
22:27:32.896 [Test worker] DEBUG org.springframework.test.context.support.AbstractContextLoader - Did not detect default resource location for test class [com.bitproject.BitprojectApplicationTests]: class path resource [com/bitproject/BitprojectApplicationTestsContext.groovy] does not exist
22:27:32.896 [Test worker] INFO org.springframework.test.context.support.AbstractContextLoader - Could not detect default resource locations for test class [com.bitproject.BitprojectApplicationTests]: no resource found for suffixes {-context.xml, Context.groovy}.
22:27:32.896 [Test worker] INFO org.springframework.test.context.support.AnnotationConfigContextLoaderUtils - Could not detect default configuration classes for test class [com.bitproject.BitprojectApplicationTests]: BitprojectApplicationTests does not declare any static, non-private, non-final, nested classes annotated with @Configuration.
22:27:32.990 [Test worker] DEBUG org.springframework.test.context.support.ActiveProfilesUtils - Could not find an 'annotation declaring class' for annotation type [org.springframework.test.context.ActiveProfiles] and class [com.bitproject.BitprojectApplicationTests]
22:27:33.083 [Test worker] DEBUG org.springframework.context.annotation.ClassPathScanningCandidateComponentProvider - Identified candidate component class: file [C:\Users\iamra\Documents\DEGREE\Year 3\SEM 5\1 Project\Car Rental\Current-Module\bitproject\build\classes\java\main\com\bitproject\BitprojectApplication.class]
22:27:33.083 [Test worker] INFO org.springframework.boot.test.context.SpringBootTestContextBootstrapper - Found @SpringBootConfiguration com.bitproject.BitprojectApplication for test class com.bitproject.BitprojectApplicationTests
22:27:33.302 [Test worker] DEBUG org.springframework.boot.test.context.SpringBootTestContextBootstrapper - @TestExecutionListeners is not present for class [com.bitproject.BitprojectApplicationTests]: using defaults.
22:27:33.302 [Test worker] INFO org.springframework.boot.test.context.SpringBootTestContextBootstrapper - Loaded default TestExecutionListener class names from location [META-INF/spring.factories]: [org.springframework.security.test.context.support.WithSecurityContextTestExecutionListener, org.springframework.security.test.context.support.ReactorContextTestExecutionListener, org.springframework.boot.test.autoconfigure.restdocs.RestDocsTestExecutionListener, org.springframework.boot.test.autoconfigure.web.client.MockRestServiceServerResetTestExecutionListener, org.springframework.boot.test.autoconfigure.web.servlet.MockMvcPrintOnlyOnFailureTestExecutionListener, org.springframework.boot.test.autoconfigure.web.servlet.WebDriverTestExecutionListener, org.springframework.boot.test.autoconfigure.webservices.client.MockWebServiceServerTestExecutionListener, org.springframework.boot.test.mock.mockito.MockitoTestExecutionListener, org.springframework.boot.test.mock.mockito.ResetMocksTestExecutionListener, org.springframework.test.context.web.ServletTestExecutionListener, org.springframework.test.context.support.DirtiesContextBeforeModesTestExecutionListener, org.springframework.test.context.event.ApplicationEventsTestExecutionListener, org.springframework.test.context.support.DependencyInjectionTestExecutionListener, org.springframework.test.context.support.DirtiesContextTestExecutionListener, org.springframework.test.context.transaction.TransactionalTestExecutionListener, org.springframework.test.context.jdbc.SqlScriptsTestExecutionListener, org.springframework.test.context.event.EventPublishingTestExecutionListener]
22:27:33.334 [Test worker] INFO org.springframework.boot.test.context.SpringBootTestContextBootstrapper - Using TestExecutionListeners: [org.springframework.test.context.web.ServletTestExecutionListener@4269634e, org.springframework.test.context.support.DirtiesContextBeforeModesTestExecutionListener@5162d881, org.springframework.test.context.event.ApplicationEventsTestExecutionListener@58ec9867, org.springframework.boot.test.mock.mockito.MockitoTestExecutionListener@6c80f985, org.springframework.boot.test.autoconfigure.SpringBootDependencyInjectionTestExecutionListener@65fa8448, org.springframework.test.context.support.DirtiesContextTestExecutionListener@229beea6, org.springframework.test.context.transaction.TransactionalTestExecutionListener@1e086532, org.springframework.test.context.jdbc.SqlScriptsTestExecutionListener@75afeba7, org.springframework.security.test.context.support.WithSecurityContextTestExecutionListener@4446f99e, org.springframework.test.context.event.EventPublishingTestExecutionListener@3955c16e, org.springframework.security.test.context.support.ReactorContextTestExecutionListener@64a90283, org.springframework.boot.test.autoconfigure.restdocs.RestDocsTestExecutionListener@6e512f62, org.springframework.boot.test.autoconfigure.web.client.MockRestServiceServerResetTestExecutionListener@1da8a13f, org.springframework.boot.test.autoconfigure.web.servlet.MockMvcPrintOnlyOnFailureTestExecutionListener@ae14d55, org.springframework.boot.test.autoconfigure.web.servlet.WebDriverTestExecutionListener@2670eb90, org.springframework.boot.test.autoconfigure.webservices.client.MockWebServiceServerTestExecutionListener@41bdfa03, org.springframework.boot.test.mock.mockito.ResetMocksTestExecutionListener@19441a52]
22:27:33.349 [Test worker] DEBUG org.springframework.test.context.support.AbstractDirtiesContextTestExecutionListener - Before test class: context [DefaultTestContext@5c9d1556 testClass = BitprojectApplicationTests, testInstance = [null], testMethod = [null], testException = [null], mergedContextConfiguration = [WebMergedContextConfiguration@180f6c02 testClass = BitprojectApplicationTests, locations = '{}', classes = '{class com.bitproject.BitprojectApplication}', contextInitializerClasses = '[]', activeProfiles = '{}', propertySourceLocations = '{}', propertySourceProperties = '{org.springframework.boot.test.context.SpringBootTestContextBootstrapper=true}', contextCustomizers = set[org.springframework.boot.test.autoconfigure.actuate.metrics.MetricsExportContextCustomizerFactory$DisableMetricExportContextCustomizer@1f5300f4, org.springframework.boot.test.autoconfigure.properties.PropertyMappingContextCustomizer@0, org.springframework.boot.test.autoconfigure.web.servlet.WebDriverContextCustomizerFactory$Customizer@3fce4194, org.springframework.boot.test.context.filter.ExcludeFilterContextCustomizer@278722ad, org.springframework.boot.test.json.DuplicateJsonObjectContextCustomizerFactory$DuplicateJsonObjectContextCustomizer@23b93bb1, org.springframework.boot.test.mock.mockito.MockitoContextCustomizer@0, org.springframework.boot.test.web.client.TestRestTemplateContextCustomizer@fa9d565, org.springframework.boot.test.context.SpringBootTestArgs@1, org.springframework.boot.test.context.SpringBootTestWebEnvironment@7e9f4d94], resourceBasePath = 'src/main/webapp', contextLoader = 'org.springframework.boot.test.context.SpringBootContextLoader', parent = [null]], attributes = map['org.springframework.test.context.web.ServletTestExecutionListener.activateListener' -> true]], class annotated with @DirtiesContext [false] with mode [null].
22:27:33.427 [Test worker] DEBUG org.springframework.test.context.support.TestPropertySourceUtils - Adding inlined properties to environment: {spring.jmx.enabled=false, org.springframework.boot.test.context.SpringBootTestContextBootstrapper=true}

  .   ____          _            __ _ _
 /\\ / ___'_ __ _ _(_)_ __  __ _ \ \ \ \
( ( )\___ | '_ | '_| | '_ \/ _` | \ \ \ \
 \\/  ___)| |_)| | | | | || (_| |  ) ) ) )
  '  |____| .__|_| |_|_| |_\__, | / / / /
 =========|_|==============|___/=/_/_/_/
 :: Spring Boot ::                (v2.5.0)

2021-11-07 22:27:33.896  INFO 16464 --- [    Test worker] c.bitproject.BitprojectApplicationTests  : Starting BitprojectApplicationTests using Java 11.0.12 on DESKTOP-UCOH7CE with PID 16464 (started by iamra in C:\Users\iamra\Documents\DEGREE\Year 3\SEM 5\1 Project\Car Rental\Current-Module\bitproject)
2021-11-07 22:27:33.896  INFO 16464 --- [    Test worker] c.bitproject.BitprojectApplicationTests  : No active profile set, falling back to default profiles: default
2021-11-07 22:27:34.771  WARN 16464 --- [kground-preinit] o.s.h.c.j.Jackson2ObjectMapperBuilder    : For Jackson Kotlin classes support please add "com.fasterxml.jackson.module:jackson-module-kotlin" to the classpath
2021-11-07 22:27:35.459  INFO 16464 --- [    Test worker] .s.d.r.c.RepositoryConfigurationDelegate : Bootstrapping Spring Data JPA repositories in DEFAULT mode.
2021-11-07 22:27:35.787  INFO 16464 --- [    Test worker] .s.d.r.c.RepositoryConfigurationDelegate : Finished Spring Data repository scanning in 311 ms. Found 27 JPA repository interfaces.
2021-11-07 22:27:36.881  INFO 16464 --- [    Test worker] com.zaxxer.hikari.HikariDataSource       : HikariPool-1 - Starting...
2021-11-07 22:27:37.507  INFO 16464 --- [    Test worker] com.zaxxer.hikari.HikariDataSource       : HikariPool-1 - Start completed.
2021-11-07 22:27:37.679  INFO 16464 --- [    Test worker] o.hibernate.jpa.internal.util.LogHelper  : HHH000204: Processing PersistenceUnitInfo [name: default]
2021-11-07 22:27:37.804  INFO 16464 --- [    Test worker] org.hibernate.Version                    : HHH000412: Hibernate ORM core version 5.4.31.Final
2021-11-07 22:27:38.179  INFO 16464 --- [    Test worker] o.hibernate.annotations.common.Version   : HCANN000001: Hibernate Commons Annotations {5.1.2.Final}
2021-11-07 22:27:38.429  INFO 16464 --- [    Test worker] org.hibernate.dialect.Dialect            : HHH000400: Using dialect: org.hibernate.dialect.MySQL5Dialect
2021-11-07 22:27:40.289  INFO 16464 --- [    Test worker] o.h.e.t.j.p.i.JtaPlatformInitiator       : HHH000490: Using JtaPlatform implementation: [org.hibernate.engine.transaction.jta.platform.internal.NoJtaPlatform]
2021-11-07 22:27:40.492  INFO 16464 --- [    Test worker] j.LocalContainerEntityManagerFactoryBean : Initialized JPA EntityManagerFactory for persistence unit 'default'
2021-11-07 22:27:40.680  WARN 16464 --- [    Test worker] JpaBaseConfiguration$JpaWebConfiguration : spring.jpa.open-in-view is enabled by default. Therefore, database queries may be performed during view rendering. Explicitly configure spring.jpa.open-in-view to disable this warning
2021-11-07 22:27:41.664  WARN 16464 --- [    Test worker] o.h.dialect.function.TemplateRenderer    : HHH000174: Function template anticipated 4 arguments, but 1 arguments encountered
2021-11-07 22:27:41.664  WARN 16464 --- [    Test worker] o.h.dialect.function.TemplateRenderer    : HHH000174: Function template anticipated 4 arguments, but 1 arguments encountered
2021-11-07 22:27:43.352  INFO 16464 --- [    Test worker] o.s.s.web.DefaultSecurityFilterChain     : Will secure any request with [org.springframework.security.web.context.request.async.WebAsyncManagerIntegrationFilter@25a501b8, org.springframework.security.web.context.SecurityContextPersistenceFilter@760bbe96, org.springframework.security.web.header.HeaderWriterFilter@e62ac7c, org.springframework.security.web.authentication.logout.LogoutFilter@7f4fc66f, org.springframework.security.web.authentication.UsernamePasswordAuthenticationFilter@40fa8562, org.springframework.security.web.session.ConcurrentSessionFilter@4a92bde3, org.springframework.security.web.savedrequest.RequestCacheAwareFilter@588a8d33, org.springframework.security.web.servletapi.SecurityContextHolderAwareRequestFilter@4c3642a9, org.springframework.security.web.authentication.AnonymousAuthenticationFilter@256d6783, org.springframework.security.web.session.SessionManagementFilter@5d2246c6, org.springframework.security.web.access.ExceptionTranslationFilter@41878be7, org.springframework.security.web.access.intercept.FilterSecurityInterceptor@7079df6d]
2021-11-07 22:27:44.415  INFO 16464 --- [    Test worker] o.s.b.a.w.s.WelcomePageHandlerMapping    : Adding welcome page: class path resource [static/index.html]
2021-11-07 22:27:45.025  INFO 16464 --- [    Test worker] c.bitproject.BitprojectApplicationTests  : Started BitprojectApplicationTests in 11.595 seconds (JVM running for 14.258)
2021-11-07 22:27:45.025  INFO 16464 --- [    Test worker] o.s.b.a.ApplicationAvailabilityBean      : Application availability state LivenessState changed to CORRECT
2021-11-07 22:27:45.040  INFO 16464 --- [    Test worker] o.s.b.a.ApplicationAvailabilityBean      : Application availability state ReadinessState changed to ACCEPTING_TRAFFIC
]]></system-out>
  <system-err><![CDATA[]]></system-err>
</testsuite>
