<?xml version="1.0" encoding="UTF-8"?>
<testsuite name="com.sethyanacarrental.SethyanaCarRentalAppTests" tests="1" skipped="0" failures="0" errors="0" timestamp="2025-08-17T09:18:15" hostname="RAN-LAPTOP" time="0.277">
  <properties/>
  <testcase name="contextLoads()" classname="com.sethyanacarrental.SethyanaCarRentalAppTests" time="0.277"/>
  <system-out><![CDATA[14:47:53.442 [Test worker] DEBUG org.springframework.test.context.BootstrapUtils - Instantiating CacheAwareContextLoaderDelegate from class [org.springframework.test.context.cache.DefaultCacheAwareContextLoaderDelegate]
14:47:53.474 [Test worker] DEBUG org.springframework.test.context.BootstrapUtils - Instantiating BootstrapContext using constructor [public org.springframework.test.context.support.DefaultBootstrapContext(java.lang.Class,org.springframework.test.context.CacheAwareContextLoaderDelegate)]
14:47:53.576 [Test worker] DEBUG org.springframework.test.context.BootstrapUtils - Instantiating TestContextBootstrapper for test class [com.sethyanacarrental.SethyanaCarRentalAppTests] from class [org.springframework.boot.test.context.SpringBootTestContextBootstrapper]
14:47:53.610 [Test worker] INFO org.springframework.boot.test.context.SpringBootTestContextBootstrapper - Neither @ContextConfiguration nor @ContextHierarchy found for test class [com.sethyanacarrental.SethyanaCarRentalAppTests], using SpringBootContextLoader
14:47:53.618 [Test worker] DEBUG org.springframework.test.context.support.AbstractContextLoader - Did not detect default resource location for test class [com.sethyanacarrental.SethyanaCarRentalAppTests]: class path resource [com/sethyanacarrental/SethyanaCarRentalAppTests-context.xml] does not exist
14:47:53.618 [Test worker] DEBUG org.springframework.test.context.support.AbstractContextLoader - Did not detect default resource location for test class [com.sethyanacarrental.SethyanaCarRentalAppTests]: class path resource [com/sethyanacarrental/SethyanaCarRentalAppTestsContext.groovy] does not exist
14:47:53.629 [Test worker] INFO org.springframework.test.context.support.AbstractContextLoader - Could not detect default resource locations for test class [com.sethyanacarrental.SethyanaCarRentalAppTests]: no resource found for suffixes {-context.xml, Context.groovy}.
14:47:53.629 [Test worker] INFO org.springframework.test.context.support.AnnotationConfigContextLoaderUtils - Could not detect default configuration classes for test class [com.sethyanacarrental.SethyanaCarRentalAppTests]: SethyanaCarRentalAppTests does not declare any static, non-private, non-final, nested classes annotated with @Configuration.
14:47:53.735 [Test worker] DEBUG org.springframework.test.context.support.ActiveProfilesUtils - Could not find an 'annotation declaring class' for annotation type [org.springframework.test.context.ActiveProfiles] and class [com.sethyanacarrental.SethyanaCarRentalAppTests]
14:47:53.908 [Test worker] DEBUG org.springframework.context.annotation.ClassPathScanningCandidateComponentProvider - Identified candidate component class: file [C:\Users\iamra\Documents\GitHub\Sethyana\GitHub\sethyana_car_rental\build\classes\java\main\com\sethyanacarrental\SethyanaCarRentalApp.class]
14:47:53.908 [Test worker] INFO org.springframework.boot.test.context.SpringBootTestContextBootstrapper - Found @SpringBootConfiguration com.sethyanacarrental.SethyanaCarRentalApp for test class com.sethyanacarrental.SethyanaCarRentalAppTests
14:47:54.148 [Test worker] DEBUG org.springframework.boot.test.context.SpringBootTestContextBootstrapper - @TestExecutionListeners is not present for class [com.sethyanacarrental.SethyanaCarRentalAppTests]: using defaults.
14:47:54.148 [Test worker] INFO org.springframework.boot.test.context.SpringBootTestContextBootstrapper - Loaded default TestExecutionListener class names from location [META-INF/spring.factories]: [org.springframework.security.test.context.support.WithSecurityContextTestExecutionListener, org.springframework.security.test.context.support.ReactorContextTestExecutionListener, org.springframework.boot.test.autoconfigure.restdocs.RestDocsTestExecutionListener, org.springframework.boot.test.autoconfigure.web.client.MockRestServiceServerResetTestExecutionListener, org.springframework.boot.test.autoconfigure.web.servlet.MockMvcPrintOnlyOnFailureTestExecutionListener, org.springframework.boot.test.autoconfigure.web.servlet.WebDriverTestExecutionListener, org.springframework.boot.test.autoconfigure.webservices.client.MockWebServiceServerTestExecutionListener, org.springframework.boot.test.mock.mockito.MockitoTestExecutionListener, org.springframework.boot.test.mock.mockito.ResetMocksTestExecutionListener, org.springframework.test.context.web.ServletTestExecutionListener, org.springframework.test.context.support.DirtiesContextBeforeModesTestExecutionListener, org.springframework.test.context.event.ApplicationEventsTestExecutionListener, org.springframework.test.context.support.DependencyInjectionTestExecutionListener, org.springframework.test.context.support.DirtiesContextTestExecutionListener, org.springframework.test.context.transaction.TransactionalTestExecutionListener, org.springframework.test.context.jdbc.SqlScriptsTestExecutionListener, org.springframework.test.context.event.EventPublishingTestExecutionListener]
14:47:54.189 [Test worker] INFO org.springframework.boot.test.context.SpringBootTestContextBootstrapper - Using TestExecutionListeners: [org.springframework.test.context.web.ServletTestExecutionListener@3932ee5e, org.springframework.test.context.support.DirtiesContextBeforeModesTestExecutionListener@1ddc744d, org.springframework.test.context.event.ApplicationEventsTestExecutionListener@7a5ff3e0, org.springframework.boot.test.mock.mockito.MockitoTestExecutionListener@67f2fd3b, org.springframework.boot.test.autoconfigure.SpringBootDependencyInjectionTestExecutionListener@491cbf85, org.springframework.test.context.support.DirtiesContextTestExecutionListener@371cd4f7, org.springframework.test.context.transaction.TransactionalTestExecutionListener@32d9e107, org.springframework.test.context.jdbc.SqlScriptsTestExecutionListener@42b2d942, org.springframework.security.test.context.support.WithSecurityContextTestExecutionListener@6efea606, org.springframework.test.context.event.EventPublishingTestExecutionListener@3f946c42, org.springframework.security.test.context.support.ReactorContextTestExecutionListener@42b8636e, org.springframework.boot.test.autoconfigure.restdocs.RestDocsTestExecutionListener@1614cab2, org.springframework.boot.test.autoconfigure.web.client.MockRestServiceServerResetTestExecutionListener@dc190e0, org.springframework.boot.test.autoconfigure.web.servlet.MockMvcPrintOnlyOnFailureTestExecutionListener@11ab1b66, org.springframework.boot.test.autoconfigure.web.servlet.WebDriverTestExecutionListener@1009b92e, org.springframework.boot.test.autoconfigure.webservices.client.MockWebServiceServerTestExecutionListener@20f8b0c7, org.springframework.boot.test.mock.mockito.ResetMocksTestExecutionListener@21bf62a8]
14:47:54.199 [Test worker] DEBUG org.springframework.test.context.support.AbstractDirtiesContextTestExecutionListener - Before test class: context [DefaultTestContext@5a9f31b2 testClass = SethyanaCarRentalAppTests, testInstance = [null], testMethod = [null], testException = [null], mergedContextConfiguration = [WebMergedContextConfiguration@74ffa7a3 testClass = SethyanaCarRentalAppTests, locations = '{}', classes = '{class com.sethyanacarrental.SethyanaCarRentalApp}', contextInitializerClasses = '[]', activeProfiles = '{}', propertySourceLocations = '{}', propertySourceProperties = '{org.springframework.boot.test.context.SpringBootTestContextBootstrapper=true}', contextCustomizers = set[org.springframework.boot.test.autoconfigure.actuate.metrics.MetricsExportContextCustomizerFactory$DisableMetricExportContextCustomizer@205e3cfd, org.springframework.boot.test.autoconfigure.properties.PropertyMappingContextCustomizer@0, org.springframework.boot.test.autoconfigure.web.servlet.WebDriverContextCustomizerFactory$Customizer@39dbe250, org.springframework.boot.test.context.filter.ExcludeFilterContextCustomizer@731ab3a0, org.springframework.boot.test.json.DuplicateJsonObjectContextCustomizerFactory$DuplicateJsonObjectContextCustomizer@74487c1d, org.springframework.boot.test.mock.mockito.MockitoContextCustomizer@0, org.springframework.boot.test.web.client.TestRestTemplateContextCustomizer@44391ab9, org.springframework.boot.test.context.SpringBootTestArgs@1, org.springframework.boot.test.context.SpringBootTestWebEnvironment@546e5b2d], resourceBasePath = 'src/main/webapp', contextLoader = 'org.springframework.boot.test.context.SpringBootContextLoader', parent = [null]], attributes = map['org.springframework.test.context.web.ServletTestExecutionListener.activateListener' -> true]], class annotated with @DirtiesContext [false] with mode [null].
14:47:54.272 [Test worker] DEBUG org.springframework.test.context.support.TestPropertySourceUtils - Adding inlined properties to environment: {spring.jmx.enabled=false, org.springframework.boot.test.context.SpringBootTestContextBootstrapper=true}

  .   ____          _            __ _ _
 /\\ / ___'_ __ _ _(_)_ __  __ _ \ \ \ \
( ( )\___ | '_ | '_| | '_ \/ _` | \ \ \ \
 \\/  ___)| |_)| | | | | || (_| |  ) ) ) )
  '  |____| .__|_| |_|_| |_\__, | / / / /
 =========|_|==============|___/=/_/_/_/
 :: Spring Boot ::                (v2.5.0)

2025-08-17 14:47:54.864  WARN 21508 --- [    Test worker] ory$DuplicateJsonObjectContextCustomizer : 

Found multiple occurrences of org.json.JSONObject on the class path:

	jar:file:/C:/Users/iamra/.gradle/caches/modules-2/files-2.1/org.json/json/20220320/6df2c050972619466f6dcef7654ef9bcc01dfd0/json-20220320.jar!/org/json/JSONObject.class
	jar:file:/C:/Users/iamra/.gradle/caches/modules-2/files-2.1/com.vaadin.external.google/android-json/0.0.20131108.vaadin1/fa26d351fe62a6a17f5cda1287c1c6110dec413f/android-json-0.0.20131108.vaadin1.jar!/org/json/JSONObject.class

You may wish to exclude one of them to ensure predictable runtime behavior

2025-08-17 14:47:54.897  INFO 21508 --- [    Test worker] c.s.SethyanaCarRentalAppTests            : Starting SethyanaCarRentalAppTests using Java 11.0.17 on Ran-Laptop with PID 21508 (started by Home in C:\Users\iamra\Documents\GitHub\Sethyana\GitHub\sethyana_car_rental)
2025-08-17 14:47:54.899  INFO 21508 --- [    Test worker] c.s.SethyanaCarRentalAppTests            : No active profile set, falling back to default profiles: default
2025-08-17 14:47:55.973  WARN 21508 --- [kground-preinit] o.s.h.c.j.Jackson2ObjectMapperBuilder    : For Jackson Kotlin classes support please add "com.fasterxml.jackson.module:jackson-module-kotlin" to the classpath
2025-08-17 14:47:57.254  INFO 21508 --- [    Test worker] .s.d.r.c.RepositoryConfigurationDelegate : Bootstrapping Spring Data JPA repositories in DEFAULT mode.
2025-08-17 14:47:58.613  INFO 21508 --- [    Test worker] .s.d.r.c.RepositoryConfigurationDelegate : Finished Spring Data repository scanning in 1339 ms. Found 47 JPA repository interfaces.
2025-08-17 14:48:00.172  INFO 21508 --- [    Test worker] o.hibernate.jpa.internal.util.LogHelper  : HHH000204: Processing PersistenceUnitInfo [name: default]
2025-08-17 14:48:00.350  INFO 21508 --- [    Test worker] org.hibernate.Version                    : HHH000412: Hibernate ORM core version 5.4.31.Final
2025-08-17 14:48:00.791  INFO 21508 --- [    Test worker] o.hibernate.annotations.common.Version   : HCANN000001: Hibernate Commons Annotations {5.1.2.Final}
2025-08-17 14:48:01.165  INFO 21508 --- [    Test worker] com.zaxxer.hikari.HikariDataSource       : HikariPool-1 - Starting...
2025-08-17 14:48:03.951  INFO 21508 --- [    Test worker] com.zaxxer.hikari.HikariDataSource       : HikariPool-1 - Start completed.
2025-08-17 14:48:04.002  INFO 21508 --- [    Test worker] org.hibernate.dialect.Dialect            : HHH000400: Using dialect: org.hibernate.dialect.MySQL5Dialect
2025-08-17 14:48:07.952  INFO 21508 --- [    Test worker] o.h.e.t.j.p.i.JtaPlatformInitiator       : HHH000490: Using JtaPlatform implementation: [org.hibernate.engine.transaction.jta.platform.internal.NoJtaPlatform]
2025-08-17 14:48:08.243  INFO 21508 --- [    Test worker] j.LocalContainerEntityManagerFactoryBean : Initialized JPA EntityManagerFactory for persistence unit 'default'
2025-08-17 14:48:08.488  WARN 21508 --- [    Test worker] JpaBaseConfiguration$JpaWebConfiguration : spring.jpa.open-in-view is enabled by default. Therefore, database queries may be performed during view rendering. Explicitly configure spring.jpa.open-in-view to disable this warning
2025-08-17 14:48:09.744  WARN 21508 --- [    Test worker] o.h.dialect.function.TemplateRenderer    : HHH000174: Function template anticipated 4 arguments, but 1 arguments encountered
2025-08-17 14:48:09.752  WARN 21508 --- [    Test worker] o.h.dialect.function.TemplateRenderer    : HHH000174: Function template anticipated 4 arguments, but 1 arguments encountered
2025-08-17 14:48:13.426  INFO 21508 --- [    Test worker] o.s.s.web.DefaultSecurityFilterChain     : Will secure any request with [org.springframework.security.web.context.request.async.WebAsyncManagerIntegrationFilter@6ada0c05, org.springframework.security.web.context.SecurityContextPersistenceFilter@2be331ca, org.springframework.security.web.header.HeaderWriterFilter@60903fc8, org.springframework.security.web.authentication.logout.LogoutFilter@52289fe6, org.springframework.security.web.authentication.UsernamePasswordAuthenticationFilter@8d9b4b4, org.springframework.security.web.session.ConcurrentSessionFilter@448a3da7, org.springframework.security.web.savedrequest.RequestCacheAwareFilter@79b72709, org.springframework.security.web.servletapi.SecurityContextHolderAwareRequestFilter@54770ff, org.springframework.security.web.authentication.AnonymousAuthenticationFilter@2091fc74, org.springframework.security.web.session.SessionManagementFilter@496dbe42, org.springframework.security.web.access.ExceptionTranslationFilter@33f462b3, org.springframework.security.web.access.intercept.FilterSecurityInterceptor@19a66798]
2025-08-17 14:48:15.418  INFO 21508 --- [    Test worker] c.s.SethyanaCarRentalAppTests            : Started SethyanaCarRentalAppTests in 21.115 seconds (JVM running for 24.011)
2025-08-17 14:48:15.418  INFO 21508 --- [    Test worker] o.s.b.a.ApplicationAvailabilityBean      : Application availability state LivenessState changed to CORRECT
2025-08-17 14:48:15.418  INFO 21508 --- [    Test worker] o.s.b.a.ApplicationAvailabilityBean      : Application availability state ReadinessState changed to ACCEPTING_TRAFFIC
]]></system-out>
  <system-err><![CDATA[]]></system-err>
</testsuite>
